VirtualBox XPCOM Server 5.2.20 r125587 linux.amd64 (Oct 16 2018 14:03:25) release log
00:00:00.000254 main     Log opened 2018-11-08T06:15:02.451426000Z
00:00:00.000255 main     Build Type: release
00:00:00.000257 main     OS Product: Linux
00:00:00.000258 main     OS Release: 4.18.16-arch1-1-ARCH
00:00:00.000258 main     OS Version: #1 SMP PREEMPT Sat Oct 20 22:06:45 UTC 2018
00:00:00.000279 main     DMI Product Name: UX430UA
00:00:00.000284 main     DMI Product Version: 1.0       
00:00:00.000316 main     Host RAM: 7858MB (7.6GB) total, 3786MB (3.6GB) available
00:00:00.000318 main     Executable: /usr/lib/virtualbox/VBoxSVC
00:00:00.000318 main     Process ID: 16749
00:00:00.000319 main     Package type: LINUX_64BITS_GENERIC (OSE)
00:00:00.002609 main     IPC socket path: /tmp/.vbox-cyrusng-ipc/ipcd
00:00:00.109612 nspr-2   VirtualBox: object creation starts
00:00:00.109893 nspr-2   Home directory: '/home/arch/cyrusng/.config/VirtualBox'
00:00:00.110281 nspr-2   Loading settings file "/home/arch/cyrusng/.config/VirtualBox/VirtualBox.xml" with version "1.12-linux"
00:00:00.130743 nspr-2   NetIfAdpCtlOut: VBoxNetAdpCtl: Error while retrieving link speed for wlp2s0: VBoxNetAdpCtl: ioctl failed: Operation not supported
00:00:00.132650 nspr-2   NAT: resolv.conf: nameserver 192.168.2.1
00:00:00.132689 nspr-2   NAT: resolv.conf: nameserver 207.164.234.193
00:00:00.132715 nspr-2   HostDnsMonitor: old information
00:00:00.132724 nspr-2     no server entries
00:00:00.132732 nspr-2     no domain set
00:00:00.132739 nspr-2     no search string entries
00:00:00.132746 nspr-2   HostDnsMonitor: new information
00:00:00.132753 nspr-2     server 1: 192.168.2.1
00:00:00.132762 nspr-2     server 2: 207.164.234.193
00:00:00.132769 nspr-2     domain: home
00:00:00.132777 nspr-2     no search string entries
00:00:00.132787 nspr-2   HostDnsMonitorProxy::notify
00:00:00.139836 nspr-2   VD: VDInit finished with VINF_SUCCESS
00:00:00.140135 nspr-2   ERROR [COM]: aRC=NS_ERROR_FAILURE (0x80004005) aIID={0eb668d2-495e-5a36-8890-29999b5f030c} aComponent={SystemPropertiesWrap} aText={Cannot determine default Guest Additions ISO location. Most likely they are not available}, preserve=false aResultDetail=0
00:00:00.152029 nspr-2   Loading settings file "/home/arch/cyrusng/VirtualBox VMs/Windows 10/Windows 10.vbox" with version "1.15-linux"
00:00:00.153441 nspr-2   Loading settings file "/home/arch/cyrusng/VirtualBox VMs/KDE Neon/KDE Neon.vbox" with version "1.16-linux"
00:00:00.154305 nspr-2   Loading settings file "/home/arch/cyrusng/VirtualBox VMs/Ubuntu/Ubuntu.vbox" with version "1.16-linux"
00:00:00.155477 nspr-2   Loading settings file "/home/arch/cyrusng/VirtualBox VMs/Gentoo/Gentoo.vbox" with version "1.16-linux"
00:00:00.156738 nspr-2   VirtualBox: object created
00:00:00.805001 nspr-3   Saving settings file "/home/arch/cyrusng/.config/VirtualBox/VirtualBox.xml" with version "1.12-linux"
00:00:00.824276 nspr-3   Saving settings file "/home/arch/cyrusng/.config/VirtualBox/VirtualBox.xml" with version "1.12-linux"
00:00:13.062121 nspr-4   Saving settings file "/home/arch/cyrusng/.config/VirtualBox/VirtualBox.xml" with version "1.12-linux"
00:00:13.102072 nspr-4   ERROR [COM]: aRC=E_ACCESSDENIED (0x80070005) aIID={4afe423b-43e0-e9d0-82e8-ceb307940dda} aComponent={MediumWrap} aText={The object is not ready}, preserve=false aResultDetail=0
00:00:13.105439 nspr-3   ERROR [COM]: aRC=E_ACCESSDENIED (0x80070005) aIID={4afe423b-43e0-e9d0-82e8-ceb307940dda} aComponent={MediumWrap} aText={The object is not ready}, preserve=false aResultDetail=0
00:00:13.107258 nspr-4   ERROR [COM]: aRC=E_ACCESSDENIED (0x80070005) aIID={4afe423b-43e0-e9d0-82e8-ceb307940dda} aComponent={MediumWrap} aText={The object is not ready}, preserve=false aResultDetail=0
00:00:13.108616 nspr-3   ERROR [COM]: aRC=E_ACCESSDENIED (0x80070005) aIID={4afe423b-43e0-e9d0-82e8-ceb307940dda} aComponent={MediumWrap} aText={The object is not ready}, preserve=false aResultDetail=0
00:00:13.110141 nspr-3   ERROR [COM]: aRC=E_ACCESSDENIED (0x80070005) aIID={4afe423b-43e0-e9d0-82e8-ceb307940dda} aComponent={MediumWrap} aText={The object is not ready}, preserve=false aResultDetail=0
00:00:13.111245 nspr-3   ERROR [COM]: aRC=E_ACCESSDENIED (0x80070005) aIID={4afe423b-43e0-e9d0-82e8-ceb307940dda} aComponent={MediumWrap} aText={The object is not ready}, preserve=false aResultDetail=0
00:00:13.112355 nspr-3   ERROR [COM]: aRC=E_ACCESSDENIED (0x80070005) aIID={4afe423b-43e0-e9d0-82e8-ceb307940dda} aComponent={MediumWrap} aText={The object is not ready}, preserve=false aResultDetail=0
00:00:13.113563 nspr-3   ERROR [COM]: aRC=E_ACCESSDENIED (0x80070005) aIID={4afe423b-43e0-e9d0-82e8-ceb307940dda} aComponent={MediumWrap} aText={The object is not ready}, preserve=false aResultDetail=0
00:00:13.114888 nspr-3   ERROR [COM]: aRC=E_ACCESSDENIED (0x80070005) aIID={4afe423b-43e0-e9d0-82e8-ceb307940dda} aComponent={MediumWrap} aText={The object is not ready}, preserve=false aResultDetail=0
00:00:13.116245 nspr-3   ERROR [COM]: aRC=E_ACCESSDENIED (0x80070005) aIID={4afe423b-43e0-e9d0-82e8-ceb307940dda} aComponent={MediumWrap} aText={The object is not ready}, preserve=false aResultDetail=0
00:00:13.117146 nspr-3   ERROR [COM]: aRC=E_ACCESSDENIED (0x80070005) aIID={4afe423b-43e0-e9d0-82e8-ceb307940dda} aComponent={MediumWrap} aText={The object is not ready}, preserve=false aResultDetail=0
00:00:13.118322 nspr-3   ERROR [COM]: aRC=E_ACCESSDENIED (0x80070005) aIID={4afe423b-43e0-e9d0-82e8-ceb307940dda} aComponent={MediumWrap} aText={The object is not ready}, preserve=false aResultDetail=0
00:00:13.119231 nspr-3   ERROR [COM]: aRC=E_ACCESSDENIED (0x80070005) aIID={4afe423b-43e0-e9d0-82e8-ceb307940dda} aComponent={MediumWrap} aText={The object is not ready}, preserve=false aResultDetail=0
00:00:13.120571 nspr-3   ERROR [COM]: aRC=E_ACCESSDENIED (0x80070005) aIID={4afe423b-43e0-e9d0-82e8-ceb307940dda} aComponent={MediumWrap} aText={The object is not ready}, preserve=false aResultDetail=0
00:00:24.161699 nspr-2   Saving settings file "/home/arch/cyrusng/.config/VirtualBox/VirtualBox.xml" with version "1.12-linux"
00:00:24.182110 nspr-2   ERROR [COM]: aRC=E_ACCESSDENIED (0x80070005) aIID={4afe423b-43e0-e9d0-82e8-ceb307940dda} aComponent={MediumWrap} aText={The object is not ready}, preserve=false aResultDetail=0
00:01:55.471751 nspr-3   Loading settings file "/home/arch/cyrusng/VirtualBox VMs/KDE Neon/KDE Neon.vbox" with version "1.16-linux"
00:01:55.473958 nspr-3   ERROR [COM]: aRC=VBOX_E_OBJECT_NOT_FOUND (0x80bb0001) aIID={9570b9d5-f1a1-448a-10c5-e12f5285adad} aComponent={VirtualBoxWrap} aText={Could not find a registered machine with UUID {3003ef2e-d08a-4f3c-bb21-35e2056b91f2}}, preserve=false aResultDetail=0
00:01:55.476940 nspr-2   Saving settings file "/home/arch/cyrusng/.config/VirtualBox/VirtualBox.xml" with version "1.12-linux"
00:01:55.491608 nspr-3   ERROR [COM]: aRC=NS_ERROR_FAILURE (0x80004005) aIID={85cd948e-a71f-4289-281e-0ca7ad48cd89} aComponent={MachineWrap} aText={This machine does not have any snapshots}, preserve=false aResultDetail=0
00:02:02.992337 nspr-4   Saving settings file "/home/arch/cyrusng/.config/VirtualBox/VirtualBox.xml" with version "1.12-linux"
00:02:03.010563 nspr-4   Saving settings file "/home/arch/cyrusng/.config/VirtualBox/VirtualBox.xml" with version "1.12-linux"
00:02:08.548150 main     VirtualBox: object deletion starts
00:02:08.548290 main     ERROR [COM]: aRC=VBOX_E_OBJECT_IN_USE (0x80bb000c) aIID={4afe423b-43e0-e9d0-82e8-ceb307940dda} aComponent={MediumWrap} aText={Medium '/home/arch/cyrusng/VirtualBox VMs/Windows 10/Windows 10.vdi' cannot be closed because it is still attached to 1 virtual machines}, preserve=false aResultDetail=0
00:02:08.548782 main     ERROR [COM]: aRC=VBOX_E_OBJECT_IN_USE (0x80bb000c) aIID={4afe423b-43e0-e9d0-82e8-ceb307940dda} aComponent={MediumWrap} aText={Medium '/home/arch/cyrusng/VirtualBox VMs/Gentoo/Gentoo.vdi' cannot be closed because it is still attached to 1 virtual machines}, preserve=false aResultDetail=0
00:02:08.549122 main     ERROR [COM]: aRC=VBOX_E_OBJECT_IN_USE (0x80bb000c) aIID={4afe423b-43e0-e9d0-82e8-ceb307940dda} aComponent={MediumWrap} aText={Medium '/home/arch/cyrusng/VirtualBox VMs/KDE Neon/KDE Neon.vdi' cannot be closed because it is still attached to 1 virtual machines}, preserve=false aResultDetail=0
00:02:08.702988 Watcher  ERROR [COM]: aRC=E_ACCESSDENIED (0x80070005) aIID={9570b9d5-f1a1-448a-10c5-e12f5285adad} aComponent={VirtualBoxWrap} aText={The object is not ready}, preserve=false aResultDetail=0
00:02:13.550272 main     {00007fcbe0017330} HostPowerServiceLinux::~HostPowerServiceLinux: RTThreadWait() for 5000 ms failed with VERR_TIMEOUT
00:02:13.550552 main     VirtualBox: object deleted
